This file contains any messages produced by compilers while
running configure, to aid debugging if configure makes a mistake.

It was created by configure, which was
generated by GNU Autoconf 2.69.  Invocation command line was

  $ ../configure --enable-64bit --with-dist-prefix=/home/varun/mozilla-nss/nss/../dist/Linux3.19_x86_64_cc_glibc_PTH_64_DBG.OBJ --with-dist-includedir=/home/varun/mozilla-nss/nss/../dist/Linux3.19_x86_64_cc_glibc_PTH_64_DBG.OBJ/include

## --------- ##
## Platform. ##
## --------- ##

hostname = varun-Lenovo-Y40-80
uname -m = x86_64
uname -r = 3.19.0-25-generic
uname -s = Linux
uname -v = #26~14.04.1-Ubuntu SMP Fri Jul 24 21:16:20 UTC 2015

/usr/bin/uname -p = unknown
/bin/uname -X     = unknown

/bin/arch              = unknown
/usr/bin/arch -k       = unknown
/usr/convex/getsysinfo = unknown
/usr/bin/hostinfo      = unknown
/bin/machine           = unknown
/usr/bin/oslevel       = unknown
/bin/universe          = unknown

PATH: /usr/local/sbin
PATH: /usr/local/bin
PATH: /usr/sbin
PATH: /usr/bin
PATH: /sbin
PATH: /bin
PATH: /usr/games
PATH: /usr/local/games


## ----------- ##
## Core tests. ##
## ----------- ##

configure:2383: checking build system type
configure:2397: result: x86_64-unknown-linux-gnu
configure:2417: checking host system type
configure:2430: result: x86_64-unknown-linux-gnu
configure:2450: checking target system type
configure:2463: result: x86_64-unknown-linux-gnu
configure:3054: checking for whoami
configure:3072: found /usr/bin/whoami
configure:3085: result: /usr/bin/whoami
configure:3225: checking for gcc
configure:3241: found /usr/bin/gcc
configure:3252: result: gcc
configure:3481: checking for C compiler version
configure:3490: gcc --version >&5
gcc (Ubuntu 4.8.4-2ubuntu1~14.04) 4.8.4
Copyright (C) 2013 Free Software Foundation, Inc.
This is free software; see the source for copying conditions.  There is NO
warranty; not even for MERCHANTABILITY or FITNESS FOR A PARTICULAR PURPOSE.

configure:3501: $? = 0
configure:3490: gcc -v >&5
Using built-in specs.
COLLECT_GCC=gcc
COLLECT_LTO_WRAPPER=/usr/lib/gcc/x86_64-linux-gnu/4.8/lto-wrapper
Target: x86_64-linux-gnu
Configured with: ../src/configure -v --with-pkgversion='Ubuntu 4.8.4-2ubuntu1~14.04' --with-bugurl=file:///usr/share/doc/gcc-4.8/README.Bugs --enable-languages=c,c++,java,go,d,fortran,objc,obj-c++ --prefix=/usr --program-suffix=-4.8 --enable-shared --enable-linker-build-id --libexecdir=/usr/lib --without-included-gettext --enable-threads=posix --with-gxx-include-dir=/usr/include/c++/4.8 --libdir=/usr/lib --enable-nls --with-sysroot=/ --enable-clocale=gnu --enable-libstdcxx-debug --enable-libstdcxx-time=yes --enable-gnu-unique-object --disable-libmudflap --enable-plugin --with-system-zlib --disable-browser-plugin --enable-java-awt=gtk --enable-gtk-cairo --with-java-home=/usr/lib/jvm/java-1.5.0-gcj-4.8-amd64/jre --enable-java-home --with-jvm-root-dir=/usr/lib/jvm/java-1.5.0-gcj-4.8-amd64 --with-jvm-jar-dir=/usr/lib/jvm-exports/java-1.5.0-gcj-4.8-amd64 --with-arch-directory=amd64 --with-ecj-jar=/usr/share/java/eclipse-ecj.jar --enable-objc-gc --enable-multiarch --disable-werror --with-arch-32=i686 --with-abi=m64 --with-multilib-list=m32,m64,mx32 --with-tune=generic --enable-checking=release --build=x86_64-linux-gnu --host=x86_64-linux-gnu --target=x86_64-linux-gnu
Thread model: posix
gcc version 4.8.4 (Ubuntu 4.8.4-2ubuntu1~14.04) 
configure:3501: $? = 0
configure:3490: gcc -V >&5
gcc: error: unrecognized command line option '-V'
gcc: fatal error: no input files
compilation terminated.
configure:3501: $? = 4
configure:3490: gcc -qversion >&5
gcc: error: unrecognized command line option '-qversion'
gcc: fatal error: no input files
compilation terminated.
configure:3501: $? = 4
configure:3521: checking whether the C compiler works
configure:3543: gcc    conftest.c  >&5
configure:3547: $? = 0
configure:3595: result: yes
configure:3598: checking for C compiler default output file name
configure:3600: result: a.out
configure:3606: checking for suffix of executables
configure:3613: gcc -o conftest    conftest.c  >&5
configure:3617: $? = 0
configure:3639: result: 
configure:3661: checking whether we are cross compiling
configure:3669: gcc -o conftest    conftest.c  >&5
configure:3673: $? = 0
configure:3680: ./conftest
configure:3684: $? = 0
configure:3699: result: no
configure:3704: checking for suffix of object files
configure:3726: gcc -c   conftest.c >&5
configure:3730: $? = 0
configure:3751: result: o
configure:3755: checking whether we are using the GNU C compiler
configure:3774: gcc -c   conftest.c >&5
configure:3774: $? = 0
configure:3783: result: yes
configure:3792: checking whether gcc accepts -g
configure:3812: gcc -c -g  conftest.c >&5
configure:3812: $? = 0
configure:3853: result: yes
configure:3870: checking for gcc option to accept ISO C89
configure:3933: gcc  -c   conftest.c >&5
configure:3933: $? = 0
configure:3946: result: none needed
configure:4929: checking for ranlib
configure:4945: found /usr/bin/ranlib
configure:4956: result: ranlib
configure:4982: checking for as
configure:5000: found /usr/bin/as
configure:5012: result: /usr/bin/as
configure:5028: checking for ar
configure:5046: found /usr/bin/ar
configure:5058: result: /usr/bin/ar
configure:5074: checking for ld
configure:5092: found /usr/bin/ld
configure:5104: result: /usr/bin/ld
configure:5120: checking for strip
configure:5138: found /usr/bin/strip
configure:5150: result: /usr/bin/strip
configure:5166: checking for windres
configure:5199: result: no
configure:5221: checking how to run the C preprocessor
configure:5252: gcc -E  conftest.c
configure:5252: $? = 0
configure:5266: gcc -E  conftest.c
conftest.c:10:28: fatal error: ac_nonexistent.h: No such file or directory
 #include <ac_nonexistent.h>
                            ^
compilation terminated.
configure:5266: $? = 1
configure: failed program was:
| /* confdefs.h */
| #define PACKAGE_NAME ""
| #define PACKAGE_TARNAME ""
| #define PACKAGE_VERSION ""
| #define PACKAGE_STRING ""
| #define PACKAGE_BUGREPORT ""
| #define PACKAGE_URL ""
| #define DEBUG 1
| /* end confdefs.h.  */
| #include <ac_nonexistent.h>
configure:5291: result: gcc -E
configure:5311: gcc -E  conftest.c
configure:5311: $? = 0
configure:5325: gcc -E  conftest.c
conftest.c:10:28: fatal error: ac_nonexistent.h: No such file or directory
 #include <ac_nonexistent.h>
                            ^
compilation terminated.
configure:5325: $? = 1
configure: failed program was:
| /* confdefs.h */
| #define PACKAGE_NAME ""
| #define PACKAGE_TARNAME ""
| #define PACKAGE_VERSION ""
| #define PACKAGE_STRING ""
| #define PACKAGE_BUGREPORT ""
| #define PACKAGE_URL ""
| #define DEBUG 1
| /* end confdefs.h.  */
| #include <ac_nonexistent.h>
configure:5377: checking for gcc -pipe support
configure:5422: result: no
configure:5430: checking whether C compiler supports -fprofile-generate
configure:5443: gcc -c  -fprofile-generate -fprofile-correction  conftest.c >&5
configure:5443: $? = 0
configure:5450: result: yes
configure:5462: checking for visibility(hidden) attribute
configure:5479: result: yes
configure:5484: checking for visibility pragma support
configure:5506: result: yes
configure:5535: checking for perl5
configure:5568: result: no
configure:5535: checking for perl
configure:5553: found /usr/bin/perl
configure:5565: result: /usr/bin/perl
configure:5864: gcc -c   conftest.c >&5
conftest.c: In function 'main':
conftest.c:16:15: error: '__thumb2__' undeclared (first use in this function)
 return sizeof(__thumb2__);
               ^
conftest.c:16:15: note: each undeclared identifier is reported only once for each function it appears in
configure:5864: $? = 1
configure: failed program was:
| /* confdefs.h */
| #define PACKAGE_NAME ""
| #define PACKAGE_TARNAME ""
| #define PACKAGE_VERSION ""
| #define PACKAGE_STRING ""
| #define PACKAGE_BUGREPORT ""
| #define PACKAGE_URL ""
| #define DEBUG 1
| #define HAVE_VISIBILITY_HIDDEN_ATTRIBUTE 1
| #define HAVE_VISIBILITY_PRAGMA 1
| /* end confdefs.h.  */
| 
| int
| main ()
| {
| return sizeof(__thumb2__);
|   ;
|   return 0;
| }
configure:7798: checking for dlopen in -ldl
configure:7823: gcc -o conftest  -Wall   conftest.c -ldl   >&5
configure:7823: $? = 0
configure:7832: result: yes
configure:7835: checking dlfcn.h usability
configure:7835: gcc -c  -Wall  conftest.c >&5
configure:7835: $? = 0
configure:7835: result: yes
configure:7835: checking dlfcn.h presence
configure:7835: gcc -E  conftest.c
configure:7835: $? = 0
configure:7835: result: yes
configure:7835: checking for dlfcn.h
configure:7835: result: yes
configure:7850: checking whether gcc needs -traditional
configure:7884: result: no
configure:7896: checking for dladdr
configure:7896: gcc -o conftest  -Wall   conftest.c  -ldl  >&5
configure:7896: $? = 0
configure:7896: result: yes
configure:7896: checking for gettid
configure:7896: gcc -o conftest  -Wall   conftest.c  -ldl  >&5
/tmp/ccFWmKoR.o: In function `main':
conftest.c:(.text+0xa): undefined reference to `gettid'
collect2: error: ld returned 1 exit status
configure:7896: $? = 1
configure: failed program was:
| /* confdefs.h */
| #define PACKAGE_NAME ""
| #define PACKAGE_TARNAME ""
| #define PACKAGE_VERSION ""
| #define PACKAGE_STRING ""
| #define PACKAGE_BUGREPORT ""
| #define PACKAGE_URL ""
| #define DEBUG 1
| #define HAVE_VISIBILITY_HIDDEN_ATTRIBUTE 1
| #define HAVE_VISIBILITY_PRAGMA 1
| #define XP_UNIX 1
| #define _GNU_SOURCE 1
| #define HAVE_FCNTL_FILE_LOCKING 1
| #define LINUX 1
| #define HAVE_DLADDR 1
| /* end confdefs.h.  */
| /* Define gettid to an innocuous variant, in case <limits.h> declares gettid.
|    For example, HP-UX 11i <limits.h> declares gettimeofday.  */
| #define gettid innocuous_gettid
| 
| /* System header to define __stub macros and hopefully few prototypes,
|     which can conflict with char gettid (); below.
|     Prefer <limits.h> to <assert.h> if __STDC__ is defined, since
|     <limits.h> exists even on freestanding compilers.  */
| 
| #ifdef __STDC__
| # include <limits.h>
| #else
| # include <assert.h>
| #endif
| 
| #undef gettid
| 
| /* Override any GCC internal prototype to avoid an error.
|    Use char because int might match the return type of a GCC
|    builtin and then its argument prototype would still apply.  */
| #ifdef __cplusplus
| extern "C"
| #endif
| char gettid ();
| /* The GNU C library defines this for functions which it implements
|     to always fail with ENOSYS.  Some functions are actually named
|     something starting with __ and the normal name is an alias.  */
| #if defined __stub_gettid || defined __stub___gettid
| choke me
| #endif
| 
| int
| main ()
| {
| return gettid ();
|   ;
|   return 0;
| }
configure:7896: result: no
configure:7896: checking for lchown
configure:7896: gcc -o conftest  -Wall   conftest.c  -ldl  >&5
configure:7896: $? = 0
configure:7896: result: yes
configure:7896: checking for setpriority
configure:7896: gcc -o conftest  -Wall   conftest.c  -ldl  >&5
configure:7896: $? = 0
configure:7896: result: yes
configure:7896: checking for strerror
configure:7896: gcc -o conftest  -Wall   conftest.c  -ldl  >&5
configure:7896: $? = 0
configure:7896: result: yes
configure:7896: checking for syscall
configure:7896: gcc -o conftest  -Wall   conftest.c  -ldl  >&5
configure:7896: $? = 0
configure:7896: result: yes
configure:7896: checking for secure_getenv
configure:7896: gcc -o conftest  -Wall   conftest.c  -ldl  >&5
configure:7896: $? = 0
configure:7896: result: yes
configure:7896: checking for __secure_getenv
configure:7896: gcc -o conftest  -Wall   conftest.c  -ldl  >&5
/tmp/cc9Dqlje.o: In function `main':
conftest.c:(.text+0xa): undefined reference to `__secure_getenv'
collect2: error: ld returned 1 exit status
configure:7896: $? = 1
configure: failed program was:
| /* confdefs.h */
| #define PACKAGE_NAME ""
| #define PACKAGE_TARNAME ""
| #define PACKAGE_VERSION ""
| #define PACKAGE_STRING ""
| #define PACKAGE_BUGREPORT ""
| #define PACKAGE_URL ""
| #define DEBUG 1
| #define HAVE_VISIBILITY_HIDDEN_ATTRIBUTE 1
| #define HAVE_VISIBILITY_PRAGMA 1
| #define XP_UNIX 1
| #define _GNU_SOURCE 1
| #define HAVE_FCNTL_FILE_LOCKING 1
| #define LINUX 1
| #define HAVE_DLADDR 1
| #define HAVE_LCHOWN 1
| #define HAVE_SETPRIORITY 1
| #define HAVE_STRERROR 1
| #define HAVE_SYSCALL 1
| #define HAVE_SECURE_GETENV 1
| /* end confdefs.h.  */
| /* Define __secure_getenv to an innocuous variant, in case <limits.h> declares __secure_getenv.
|    For example, HP-UX 11i <limits.h> declares gettimeofday.  */
| #define __secure_getenv innocuous___secure_getenv
| 
| /* System header to define __stub macros and hopefully few prototypes,
|     which can conflict with char __secure_getenv (); below.
|     Prefer <limits.h> to <assert.h> if __STDC__ is defined, since
|     <limits.h> exists even on freestanding compilers.  */
| 
| #ifdef __STDC__
| # include <limits.h>
| #else
| # include <assert.h>
| #endif
| 
| #undef __secure_getenv
| 
| /* Override any GCC internal prototype to avoid an error.
|    Use char because int might match the return type of a GCC
|    builtin and then its argument prototype would still apply.  */
| #ifdef __cplusplus
| extern "C"
| #endif
| char __secure_getenv ();
| /* The GNU C library defines this for functions which it implements
|     to always fail with ENOSYS.  Some functions are actually named
|     something starting with __ and the normal name is an alias.  */
| #if defined __stub___secure_getenv || defined __stub_____secure_getenv
| choke me
| #endif
| 
| int
| main ()
| {
| return __secure_getenv ();
|   ;
|   return 0;
| }
configure:7896: result: no
configure:8030: checking for pthread_create in -lpthreads
configure:8055: gcc -o conftest  -Wall   conftest.c -lpthreads   >&5
/usr/bin/ld: cannot find -lpthreads
collect2: error: ld returned 1 exit status
configure:8055: $? = 1
configure: failed program was:
| /* confdefs.h */
| #define PACKAGE_NAME ""
| #define PACKAGE_TARNAME ""
| #define PACKAGE_VERSION ""
| #define PACKAGE_STRING ""
| #define PACKAGE_BUGREPORT ""
| #define PACKAGE_URL ""
| #define DEBUG 1
| #define HAVE_VISIBILITY_HIDDEN_ATTRIBUTE 1
| #define HAVE_VISIBILITY_PRAGMA 1
| #define XP_UNIX 1
| #define _GNU_SOURCE 1
| #define HAVE_FCNTL_FILE_LOCKING 1
| #define LINUX 1
| #define HAVE_DLADDR 1
| #define HAVE_LCHOWN 1
| #define HAVE_SETPRIORITY 1
| #define HAVE_STRERROR 1
| #define HAVE_SYSCALL 1
| #define HAVE_SECURE_GETENV 1
| /* end confdefs.h.  */
| 
| /* Override any GCC internal prototype to avoid an error.
|    Use char because int might match the return type of a GCC
|    builtin and then its argument prototype would still apply.  */
| #ifdef __cplusplus
| extern "C"
| #endif
| char pthread_create ();
| int
| main ()
| {
| return pthread_create ();
|   ;
|   return 0;
| }
configure:8064: result: no
configure:8069: checking for pthread_create in -lpthread
configure:8094: gcc -o conftest  -Wall   conftest.c -lpthread   >&5
configure:8094: $? = 0
configure:8103: result: yes
configure:8278: checking whether gcc accepts -pthread
configure:8297: result: yes
configure:8914: creating ./config.status

## ---------------------- ##
## Running config.status. ##
## ---------------------- ##

This file was extended by config.status, which was
generated by GNU Autoconf 2.69.  Invocation command line was

  CONFIG_FILES    = 
  CONFIG_HEADERS  = 
  CONFIG_LINKS    = 
  CONFIG_COMMANDS = 
  $ ./config.status 

on varun-Lenovo-Y40-80

config.status:836: creating Makefile
config.status:836: creating config/Makefile
config.status:836: creating config/autoconf.mk
config.status:836: creating config/nsprincl.mk
config.status:836: creating config/nsprincl.sh
config.status:836: creating config/nspr-config
config.status:836: creating config/nspr.pc
config.status:836: creating lib/Makefile
config.status:836: creating lib/ds/Makefile
config.status:836: creating lib/libc/Makefile
config.status:836: creating lib/libc/include/Makefile
config.status:836: creating lib/libc/src/Makefile
config.status:836: creating lib/tests/Makefile
config.status:836: creating pkg/Makefile
config.status:836: creating pr/Makefile
config.status:836: creating pr/include/Makefile
config.status:836: creating pr/include/md/Makefile
config.status:836: creating pr/include/obsolete/Makefile
config.status:836: creating pr/include/private/Makefile
config.status:836: creating pr/src/Makefile
config.status:836: creating pr/src/io/Makefile
config.status:836: creating pr/src/linking/Makefile
config.status:836: creating pr/src/malloc/Makefile
config.status:836: creating pr/src/md/Makefile
config.status:836: creating pr/src/md/unix/Makefile
config.status:836: creating pr/src/memory/Makefile
config.status:836: creating pr/src/misc/Makefile
config.status:836: creating pr/src/threads/Makefile
config.status:836: creating pr/tests/Makefile
config.status:836: creating pr/tests/dll/Makefile
config.status:836: creating pkg/linux/Makefile
config.status:836: creating pr/src/pthreads/Makefile
config.status:982: executing default commands

## ---------------- ##
## Cache variables. ##
## ---------------- ##

ac_cv_build=x86_64-unknown-linux-gnu
ac_cv_c_compiler_gnu=yes
ac_cv_env_CCC_set=
ac_cv_env_CCC_value=
ac_cv_env_CC_set=
ac_cv_env_CC_value=
ac_cv_env_CFLAGS_set=
ac_cv_env_CFLAGS_value=
ac_cv_env_CPPFLAGS_set=
ac_cv_env_CPPFLAGS_value=
ac_cv_env_CPP_set=
ac_cv_env_CPP_value=
ac_cv_env_CXXFLAGS_set=
ac_cv_env_CXXFLAGS_value=
ac_cv_env_CXX_set=
ac_cv_env_CXX_value=
ac_cv_env_LDFLAGS_set=
ac_cv_env_LDFLAGS_value=
ac_cv_env_LIBS_set=
ac_cv_env_LIBS_value=
ac_cv_env_build_alias_set=
ac_cv_env_build_alias_value=
ac_cv_env_host_alias_set=
ac_cv_env_host_alias_value=
ac_cv_env_target_alias_set=
ac_cv_env_target_alias_value=
ac_cv_func___secure_getenv=no
ac_cv_func_dladdr=yes
ac_cv_func_gettid=no
ac_cv_func_lchown=yes
ac_cv_func_secure_getenv=yes
ac_cv_func_setpriority=yes
ac_cv_func_strerror=yes
ac_cv_func_syscall=yes
ac_cv_have_dash_pthread=yes
ac_cv_have_dash_pthreads=no
ac_cv_header_dlfcn_h=yes
ac_cv_host=x86_64-unknown-linux-gnu
ac_cv_lib_dl_dlopen=yes
ac_cv_lib_pthread_pthread_create=yes
ac_cv_lib_pthreads_pthread_create=no
ac_cv_objext=o
ac_cv_path_AR=/usr/bin/ar
ac_cv_path_AS=/usr/bin/as
ac_cv_path_LD=/usr/bin/ld
ac_cv_path_PERL=/usr/bin/perl
ac_cv_path_STRIP=/usr/bin/strip
ac_cv_path_WHOAMI=/usr/bin/whoami
ac_cv_prog_CPP='gcc -E'
ac_cv_prog_ac_ct_CC=gcc
ac_cv_prog_ac_ct_RANLIB=ranlib
ac_cv_prog_cc_c89=
ac_cv_prog_cc_g=yes
ac_cv_prog_gcc_traditional=no
ac_cv_target=x86_64-unknown-linux-gnu
ac_cv_visibility_hidden=yes
ac_cv_visibility_pragma=yes

## ----------------- ##
## Output variables. ##
## ----------------- ##

AIX_LINK_OPTS=''
AR='/usr/bin/ar'
AR_FLAGS='cr $@'
AS='$(CC)'
ASFLAGS='$(CFLAGS)'
ASM_SUFFIX='s'
CC='gcc'
CCACHE='no'
CFLAGS=' -Wall -pthread -g -fno-inline'
CPP='gcc -E'
CPPFLAGS=''
CPU_ARCH='x86'
CROSS_COMPILE=''
CXX=''
CXXFLAGS=' -Wall -pthread -g -fno-inline'
CYGWIN_WRAPPER=''
DEFINES=' -UNDEBUG -DDEBUG_varun'
DEFS='-DPACKAGE_NAME=\"\" -DPACKAGE_TARNAME=\"\" -DPACKAGE_VERSION=\"\" -DPACKAGE_STRING=\"\" -DPACKAGE_BUGREPORT=\"\" -DPACKAGE_URL=\"\" -DDEBUG=1 -DHAVE_VISIBILITY_HIDDEN_ATTRIBUTE=1 -DHAVE_VISIBILITY_PRAGMA=1 -DXP_UNIX=1 -D_GNU_SOURCE=1 -DHAVE_FCNTL_FILE_LOCKING=1 -DLINUX=1 -DHAVE_DLADDR=1 -DHAVE_LCHOWN=1 -DHAVE_SETPRIORITY=1 -DHAVE_STRERROR=1 -DHAVE_SYSCALL=1 -DHAVE_SECURE_GETENV=1 -D_REENTRANT=1'
DLLFLAGS=''
DLL_SUFFIX='so'
DSO_CFLAGS='-fPIC'
DSO_LDOPTS='-shared -Wl,-soname -Wl,$(notdir $@)'
ECHO_C=''
ECHO_N='-n'
ECHO_T=''
EGREP=''
ENABLE_STRIP=''
EXEEXT=''
EXEFLAGS=''
FILTER=''
GCC_USE_GNU_LD=''
GNU_CC='1'
GREP=''
HOST_CC='gcc'
HOST_CFLAGS=' -DXP_UNIX'
HOST_LDFLAGS=''
IMPLIB=''
LD='/usr/bin/ld'
LDFLAGS=''
LIBNSPR='-L$(dist_libdir) -lnspr$(MOD_MAJOR_VERSION)'
LIBOBJS=''
LIBPLC='-L$(dist_libdir) -lplc$(MOD_MAJOR_VERSION)'
LIBS=''
LIB_SUFFIX='a'
LTLIBOBJS=''
MACOSX_DEPLOYMENT_TARGET=''
MACOS_SDK_DIR=''
MDCPUCFG_H='_linux.cfg'
MKSHLIB='$(CC) $(DSO_LDOPTS) -o $@'
MOD_MAJOR_VERSION='4'
MOD_MINOR_VERSION='13'
MOD_PATCH_VERSION='0'
MOZILLA_CLIENT=''
MOZ_DEBUG='1'
MOZ_DEBUG_SYMBOLS='1'
MOZ_OBJFORMAT=''
MOZ_OPTIMIZE=''
MSC_VER=''
MT=''
NEXT_ROOT=''
NOSUCHFILE='/no-such-file'
NSINSTALL='$(MOD_DEPTH)/config/$(OBJDIR_NAME)/nsinstall'
NSPR_MODNAME='nspr20'
OBJDIR='$(OBJDIR_NAME)'
OBJDIR_NAME='.'
OBJECT_MODE=''
OBJEXT='o'
OBJ_SUFFIX='o'
OPTIMIZER=''
OS_ARCH='Linux'
OS_DLLFLAGS=''
OS_LIBS='-lpthread -ldl '
OS_RELEASE='3.19'
OS_TARGET='Linux'
OS_TEST='x86_64'
PACKAGE_BUGREPORT=''
PACKAGE_NAME=''
PACKAGE_STRING=''
PACKAGE_TARNAME=''
PACKAGE_URL=''
PACKAGE_VERSION=''
PATH_SEPARATOR=':'
PERL='/usr/bin/perl'
PROFILE_GEN_CFLAGS='-fprofile-generate'
PROFILE_GEN_LDFLAGS='-fprofile-generate'
PROFILE_USE_CFLAGS='-fprofile-use -fprofile-correction -Wcoverage-mismatch'
PROFILE_USE_LDFLAGS='-fprofile-use'
PR_MD_ARCH_DIR='unix'
PR_MD_ASFILES='os_Linux_x86_64.s'
PR_MD_CSRCS='linux.c'
RANLIB='ranlib'
RC=''
RCFLAGS=''
RELEASE_OBJDIR_NAME='Linux3.19_x86_64_PTH_DBG.OBJ'
RESOLVE_LINK_SYMBOLS=''
SHELL='/bin/bash'
SHELL_OVERRIDE=''
STRIP='/usr/bin/strip'
SYMBIAN_SDK_DIR=''
ULTRASPARC_LIBRARY=''
USE_64='1'
USE_BTHREADS=''
USE_CPLUS=''
USE_IPV6=''
USE_N32=''
USE_NSPR_THREADS=''
USE_PTHREADS='1'
USE_USER_PTHREADS=''
USE_X32=''
VISIBILITY_FLAGS='-fvisibility=hidden'
WHOAMI='/usr/bin/whoami'
WINDRES='echo not_windres'
WRAP_LDFLAGS=''
WRAP_SYSTEM_INCLUDES=''
ac_ct_CC='gcc'
ac_ct_CXX=''
bindir='${exec_prefix}/bin'
build='x86_64-unknown-linux-gnu'
build_alias=''
build_cpu='x86_64'
build_os='linux-gnu'
build_vendor='unknown'
datadir='${datarootdir}'
datarootdir='${prefix}/share'
dist_bindir='${dist_prefix}/bin'
dist_includedir='/home/varun/mozilla-nss/nss/../dist/Linux3.19_x86_64_cc_glibc_PTH_64_DBG.OBJ/include'
dist_libdir='${dist_prefix}/lib'
dist_prefix='/home/varun/mozilla-nss/nss/../dist/Linux3.19_x86_64_cc_glibc_PTH_64_DBG.OBJ'
docdir='${datarootdir}/doc/${PACKAGE}'
dvidir='${docdir}'
exec_prefix='${prefix}'
host='x86_64-unknown-linux-gnu'
host_alias=''
host_cpu='x86_64'
host_os='linux-gnu'
host_vendor='unknown'
htmldir='${docdir}'
includedir='${prefix}/include/nspr'
infodir='${datarootdir}/info'
libdir='${exec_prefix}/lib'
libexecdir='${exec_prefix}/libexec'
localedir='${datarootdir}/locale'
localstatedir='${prefix}/var'
mandir='${datarootdir}/man'
oldincludedir='/usr/include'
pdfdir='${docdir}'
prefix='/usr/local'
program_transform_name='s,x,x,'
psdir='${docdir}'
sbindir='${exec_prefix}/sbin'
sharedstatedir='${prefix}/com'
sysconfdir='${prefix}/etc'
target='x86_64-unknown-linux-gnu'
target_alias=''
target_cpu='x86_64'
target_os='linux-gnu'
target_vendor='unknown'

## ----------- ##
## confdefs.h. ##
## ----------- ##

/* confdefs.h */
#define PACKAGE_NAME ""
#define PACKAGE_TARNAME ""
#define PACKAGE_VERSION ""
#define PACKAGE_STRING ""
#define PACKAGE_BUGREPORT ""
#define PACKAGE_URL ""
#define DEBUG 1
#define HAVE_VISIBILITY_HIDDEN_ATTRIBUTE 1
#define HAVE_VISIBILITY_PRAGMA 1
#define XP_UNIX 1
#define _GNU_SOURCE 1
#define HAVE_FCNTL_FILE_LOCKING 1
#define LINUX 1
#define HAVE_DLADDR 1
#define HAVE_LCHOWN 1
#define HAVE_SETPRIORITY 1
#define HAVE_STRERROR 1
#define HAVE_SYSCALL 1
#define HAVE_SECURE_GETENV 1
#define _REENTRANT 1

configure: exit 0
